# JRE version: Java(TM) SE Runtime Environment (8.0_121-b13) (build 1.8.0_121-b13)
# Java VM: Java HotSpot(TM) 64-Bit Server VM (25.121-b13 mixed mode windows-amd64 compressed oops)
Heap:
 PSYoungGen      total 422400K, used 335362K [0x000000076b500000, 0x0000000788e00000, 0x00000007c0000000)
  eden space 373760K, 89% used [0x000000076b500000,0x000000077fc809a0,0x0000000782200000)
  from space 48640K, 0% used [0x0000000785400000,0x0000000785400000,0x0000000788380000)
  to   space 51200K, 0% used [0x0000000782200000,0x0000000782200000,0x0000000785400000)
 ParOldGen       total 109056K, used 88835K [0x00000006c1e00000, 0x00000006c8880000, 0x000000076b500000)
  object space 109056K, 81% used [0x00000006c1e00000,0x00000006c74c0ea8,0x00000006c8880000)
 Metaspace       used 28003K, capacity 30204K, committed 30336K, reserved 1075200K
  class space    used 3849K, capacity 4213K, committed 4224K, reserved 1048576K
GC Heap History (10 events):
Event: 695.694 GC heap before
{Heap before GC invocations=13 (full 1):
 PSYoungGen      total 282624K, used 252816K [0x000000076b500000, 0x0000000782e00000, 0x00000007c0000000)
  eden space 229888K, 100% used [0x000000076b500000,0x0000000779580000,0x0000000779580000)
  from space 52736K, 43% used [0x0000000779580000,0x000000077abe4108,0x000000077c900000)
  to   space 50688K, 0% used [0x000000077fc80000,0x000000077fc80000,0x0000000782e00000)
 ParOldGen       total 109056K, used 77120K [0x00000006c1e00000, 0x00000006c8880000, 0x000000076b500000)
  object space 109056K, 70% used [0x00000006c1e00000,0x00000006c6950370,0x00000006c8880000)
 Metaspace       used 26906K, capacity 29096K, committed 29184K, reserved 1075200K
  class space    used 3738K, capacity 4079K, committed 4096K, reserved 1048576K
Event: 695.712 GC heap after
Heap after GC invocations=13 (full 1):
 PSYoungGen      total 332288K, used 25752K [0x000000076b500000, 0x0000000782a00000, 0x00000007c0000000)
  eden space 285696K, 0% used [0x000000076b500000,0x000000076b500000,0x000000077cc00000)
  from space 46592K, 55% used [0x000000077fc80000,0x00000007815a62e8,0x0000000782a00000)
  to   space 48128K, 0% used [0x000000077cc00000,0x000000077cc00000,0x000000077fb00000)
 ParOldGen       total 109056K, used 77120K [0x00000006c1e00000, 0x00000006c8880000, 0x000000076b500000)
  object space 109056K, 70% used [0x00000006c1e00000,0x00000006c6950370,0x00000006c8880000)
 Metaspace       used 26906K, capacity 29096K, committed 29184K, reserved 1075200K
  class space    used 3738K, capacity 4079K, committed 4096K, reserved 1048576K
}
Event: 696.334 GC heap before
{Heap before GC invocations=14 (full 1):
 PSYoungGen      total 332288K, used 311448K [0x000000076b500000, 0x0000000782a00000, 0x00000007c0000000)
  eden space 285696K, 100% used [0x000000076b500000,0x000000077cc00000,0x000000077cc00000)
  from space 46592K, 55% used [0x000000077fc80000,0x00000007815a62e8,0x0000000782a00000)
  to   space 48128K, 0% used [0x000000077cc00000,0x000000077cc00000,0x000000077fb00000)
 ParOldGen       total 109056K, used 77120K [0x00000006c1e00000, 0x00000006c8880000, 0x000000076b500000)
  object space 109056K, 70% used [0x00000006c1e00000,0x00000006c6950370,0x00000006c8880000)
 Metaspace       used 26915K, capacity 29096K, committed 29184K, reserved 1075200K
  class space    used 3738K, capacity 4079K, committed 4096K, reserved 1048576K
Event: 696.369 GC heap after
Heap after GC invocations=14 (full 1):
 PSYoungGen      total 333824K, used 33043K [0x000000076b500000, 0x0000000788380000, 0x00000007c0000000)
  eden space 285696K, 0% used [0x000000076b500000,0x000000076b500000,0x000000077cc00000)
  from space 48128K, 68% used [0x000000077cc00000,0x000000077ec44da0,0x000000077fb00000)
  to   space 48640K, 0% used [0x0000000785400000,0x0000000785400000,0x0000000788380000)
 ParOldGen       total 109056K, used 77128K [0x00000006c1e00000, 0x00000006c8880000, 0x000000076b500000)
  object space 109056K, 70% used [0x00000006c1e00000,0x00000006c6952370,0x00000006c8880000)
 Metaspace       used 26915K, capacity 29096K, committed 29184K, reserved 1075200K
  class space    used 3738K, capacity 4079K, committed 4096K, reserved 1048576K
}
Event: 696.836 GC heap before
{Heap before GC invocations=15 (full 1):
 PSYoungGen      total 333824K, used 318739K [0x000000076b500000, 0x0000000788380000, 0x00000007c0000000)
  eden space 285696K, 100% used [0x000000076b500000,0x000000077cc00000,0x000000077cc00000)
  from space 48128K, 68% used [0x000000077cc00000,0x000000077ec44da0,0x000000077fb00000)
  to   space 48640K, 0% used [0x0000000785400000,0x0000000785400000,0x0000000788380000)
 ParOldGen       total 109056K, used 77128K [0x00000006c1e00000, 0x00000006c8880000, 0x000000076b500000)
  object space 109056K, 70% used [0x00000006c1e00000,0x00000006c6952370,0x00000006c8880000)
 Metaspace       used 27007K, capacity 29192K, committed 29568K, reserved 1075200K
  class space    used 3745K, capacity 4111K, committed 4224K, reserved 1048576K
Event: 696.855 GC heap after
Heap after GC invocations=15 (full 1):
 PSYoungGen      total 422400K, used 39108K [0x000000076b500000, 0x0000000788e00000, 0x00000007c0000000)
  eden space 373760K, 0% used [0x000000076b500000,0x000000076b500000,0x0000000782200000)
  from space 48640K, 80% used [0x0000000785400000,0x0000000787a31148,0x0000000788380000)
  to   space 51200K, 0% used [0x0000000782200000,0x0000000782200000,0x0000000785400000)
 ParOldGen       total 109056K, used 90915K [0x00000006c1e00000, 0x00000006c8880000, 0x000000076b500000)
  object space 109056K, 83% used [0x00000006c1e00000,0x00000006c76c8f18,0x00000006c8880000)
 Metaspace       used 27007K, capacity 29192K, committed 29568K, reserved 1075200K
  class space    used 3745K, capacity 4111K, committed 4224K, reserved 1048576K
}
Event: 696.869 GC heap before
{Heap before GC invocations=16 (full 2):
 PSYoungGen      total 422400K, used 39108K [0x000000076b500000, 0x0000000788e00000, 0x00000007c0000000)
  eden space 373760K, 0% used [0x000000076b500000,0x000000076b500000,0x0000000782200000)
  from space 48640K, 80% used [0x0000000785400000,0x0000000787a31148,0x0000000788380000)
  to   space 51200K, 0% used [0x0000000782200000,0x0000000782200000,0x0000000785400000)
 ParOldGen       total 109056K, used 90915K [0x00000006c1e00000, 0x00000006c8880000, 0x000000076b500000)
  object space 109056K, 83% used [0x00000006c1e00000,0x00000006c76c8f18,0x00000006c8880000)
 Metaspace       used 27007K, capacity 29192K, committed 29568K, reserved 1075200K
  class space    used 3745K, capacity 4111K, committed 4224K, reserved 1048576K
Event: 697.322 GC heap after
Heap after GC invocations=16 (full 2):
 PSYoungGen      total 422400K, used 0K [0x000000076b500000, 0x0000000788e00000, 0x00000007c0000000)
  eden space 373760K, 0% used [0x000000076b500000,0x000000076b500000,0x0000000782200000)
  from space 48640K, 0% used [0x0000000785400000,0x0000000785400000,0x0000000788380000)
  to   space 51200K, 0% used [0x0000000782200000,0x0000000782200000,0x0000000785400000)
 ParOldGen       total 109056K, used 101210K [0x00000006c1e00000, 0x00000006c8880000, 0x000000076b500000)
  object space 109056K, 92% used [0x00000006c1e00000,0x00000006c80d6860,0x00000006c8880000)
 Metaspace       used 27007K, capacity 29192K, committed 29568K, reserved 1075200K
  class space    used 3745K, capacity 4111K, committed 4224K, reserved 1048576K
}
Event: 698.166 GC heap before
{Heap before GC invocations=17 (full 3):
 PSYoungGen      total 422400K, used 373760K [0x000000076b500000, 0x0000000788e00000, 0x00000007c0000000)
  eden space 373760K, 100% used [0x000000076b500000,0x0000000782200000,0x0000000782200000)
  from space 48640K, 0% used [0x0000000785400000,0x0000000785400000,0x0000000788380000)
  to   space 51200K, 0% used [0x0000000782200000,0x0000000782200000,0x0000000785400000)
 ParOldGen       total 109056K, used 101210K [0x00000006c1e00000, 0x00000006c8880000, 0x000000076b500000)
  object space 109056K, 92% used [0x00000006c1e00000,0x00000006c80d6860,0x00000006c8880000)
 Metaspace       used 28003K, capacity 30204K, committed 30336K, reserved 1075200K
  class space    used 3849K, capacity 4213K, committed 4224K, reserved 1048576K
Event: 698.638 GC heap after
Heap after GC invocations=17 (full 3):
 PSYoungGen      total 422400K, used 0K [0x000000076b500000, 0x0000000788e00000, 0x00000007c0000000)
  eden space 373760K, 0% used [0x000000076b500000,0x000000076b500000,0x0000000782200000)
  from space 48640K, 0% used [0x0000000785400000,0x0000000785400000,0x0000000788380000)
  to   space 51200K, 0% used [0x0000000782200000,0x0000000782200000,0x0000000785400000)
 ParOldGen       total 109056K, used 88835K [0x00000006c1e00000, 0x00000006c8880000, 0x000000076b500000)
  object space 109056K, 81% used [0x00000006c1e00000,0x00000006c74c0ea8,0x00000006c8880000)
 Metaspace       used 28003K, capacity 30204K, committed 30336K, reserved 1075200K
  class space    used 3849K, capacity 4213K, committed 4224K, reserved 1048576K
}

